<?xml version="1.0" encoding="UTF-8"?>
<!-- Generated by org.testng.reporters.JUnitXMLReporter -->
<testsuite ignored="0" hostname="LTILHYD24000678" failures="0" tests="7" name="Regression_Test" time="88.263" errors="0" timestamp="2022-04-11T12:30:26 IST">
  <testcase classname="com.freecrm.testCases.signUpPageTestCase_01" name="signUp" time="6.136"/>
  <testcase classname="com.freecrm.testCases.loginTestCase_02" name="verificationOfTitle" time="0.01"/>
  <testcase classname="com.freecrm.testCases.loginTestCase_02" name="logintest" time="2.825"/>
  <testcase classname="com.freecrm.testCases.contactsPage_TestCase_03" name="contacts" time="5.165"/>
  <testcase classname="com.freecrm.testCases.newContactPage_TC_04" name="createNewContact" time="5.703"/>
  <testcase classname="com.freecrm.testCases.newContactPage_TC_04" name="createNewContact" time="4.93"/>
  <testcase classname="com.freecrm.testCases.newContactPage_TC_04" name="createNewContact" time="4.967"/>
</testsuite> <!-- Regression_Test -->
