<?xml version="1.0" encoding="UTF-8"?>
<!-- Generated by org.testng.reporters.JUnitXMLReporter -->
<testsuite ignored="0" hostname="LTILHYD24000678" failures="0" tests="11" name="Regression_Test" time="147.429" errors="0" timestamp="2022-04-16T15:08:45 IST">
  <testcase classname="com.freecrm.testCases.signUpPageTestCase_01" name="signUp" time="5.687"/>
  <testcase classname="com.freecrm.testCases.homepageTc_05" name="verifyPageTitle" time="0.05"/>
  <testcase classname="com.freecrm.testCases.homepageTc_05" name="usernameVerification" time="1.222"/>
  <testcase classname="com.freecrm.testCases.homepageTc_05" name="logoVerification" time="1.627"/>
  <testcase classname="com.freecrm.testCases.homepageTc_05" name="homePageTest" time="3.437"/>
  <testcase classname="com.freecrm.testCases.loginTestCase_02" name="verificationOfTitle" time="0.016"/>
  <testcase classname="com.freecrm.testCases.loginTestCase_02" name="logintest" time="1.868"/>
  <testcase classname="com.freecrm.testCases.contactsPage_TestCase_03" name="contacts" time="4.914"/>
  <testcase classname="com.freecrm.testCases.newContactPage_TC_04" name="createNewContact" time="9.811"/>
  <testcase classname="com.freecrm.testCases.newContactPage_TC_04" name="createNewContact" time="9.575"/>
  <testcase classname="com.freecrm.testCases.newContactPage_TC_04" name="createNewContact" time="10.226"/>
</testsuite> <!-- Regression_Test -->
