<?xml version="1.0" encoding="UTF-8"?>
<testsuite xmlns:xsi="http://www.w3.org/2001/XMLSchema-instance" xsi:noNamespaceSchemaLocation="https://maven.apache.org/surefire/maven-surefire-plugin/xsd/surefire-test-report-3.0.xsd" version="3.0" name="TestSuite" time="149.383" tests="11" errors="0" skipped="0" failures="0">
  <properties>
[...]
</properties>
  <testcase name="signUp" classname="com.freecrm.testCases.signUpPageTestCase_01" time="5.613">
    <system-out><![CDATA[04-16-2022 15:06:20 basetest.java INFO  [main] FreeCRM 54 - chrome browser opened
04-16-2022 15:06:20 basetest.java INFO  [main] FreeCRM 76 - browser maximised
Before navigating to: 'https://ui.freecrm.com/'
Navigated to:'https://ui.freecrm.com/'
04-16-2022 15:06:26 basetest.java INFO  [main] FreeCRM 81 - application launched
Trying to find Element By : By.xpath: //a[contains(@href,'https://api.co')]
Found Element By : By.xpath: //a[contains(@href,'https://api.co')]
Trying to click on: [[ChromeDriver: chrome on WINDOWS (494539eb9d80a8cf15152772e4b2eebe)] -> xpath: //a[contains(@href,'https://api.co')]]
Clicked on: [[ChromeDriver: chrome on WINDOWS (494539eb9d80a8cf15152772e4b2eebe)] -> xpath: //a[contains(@href,'https://api.co')]]
Trying to find Element By : By.name: email
Found Element By : By.name: email
Trying to find Element By : By.name: phone
Found Element By : By.name: phone
Trying to find Element By : By.xpath: //input[@type="checkbox"]
Found Element By : By.xpath: //input[@type="checkbox"]
Trying to click on: [[ChromeDriver: chrome on WINDOWS (494539eb9d80a8cf15152772e4b2eebe)] -> xpath: //input[@type="checkbox"]]
Clicked on: [[ChromeDriver: chrome on WINDOWS (494539eb9d80a8cf15152772e4b2eebe)] -> xpath: //input[@type="checkbox"]]
Trying to find Element By : By.xpath: //button[@type='submit']
Found Element By : By.xpath: //button[@type='submit']
Trying to click on: [[ChromeDriver: chrome on WINDOWS (494539eb9d80a8cf15152772e4b2eebe)] -> xpath: //button[@type='submit']]
Clicked on: [[ChromeDriver: chrome on WINDOWS (494539eb9d80a8cf15152772e4b2eebe)] -> xpath: //button[@type='submit']]
04-16-2022 15:06:31 signUpPageTestCase_01.java INFO  [main] FreeCRM 37 - error message appearing succussfully
]]></system-out>
    <system-err><![CDATA[SLF4J: Failed to load class "org.slf4j.impl.StaticLoggerBinder".
SLF4J: Defaulting to no-operation (NOP) logger implementation
SLF4J: See http://www.slf4j.org/codes.html#StaticLoggerBinder for further details.
Starting ChromeDriver 100.0.4896.60 (6a5d10861ce8de5fce22564658033b43cb7de047-refs/branch-heads/4896@{#875}) on port 12056
Only local connections are allowed.
Please see https://chromedriver.chromium.org/security-considerations for suggestions on keeping ChromeDriver safe.
ChromeDriver was started successfully.
Apr 16, 2022 3:06:20 PM org.openqa.selenium.remote.ProtocolHandshake createSession
INFO: Detected dialect: W3C
]]></system-err>
  </testcase>
  <testcase name="verifyPageTitle" classname="com.freecrm.testCases.homepageTc_05" time="0">
    <system-out><![CDATA[04-16-2022 15:06:32 basetest.java INFO  [main] FreeCRM 88 - application closed
04-16-2022 15:06:34 basetest.java INFO  [main] FreeCRM 54 - chrome browser opened
04-16-2022 15:06:34 basetest.java INFO  [main] FreeCRM 76 - browser maximised
Before navigating to: 'https://ui.freecrm.com/'
Navigated to:'https://ui.freecrm.com/'
04-16-2022 15:06:37 basetest.java INFO  [main] FreeCRM 81 - application launched
Trying to find Element By : By.name: email
Found Element By : By.name: email
04-16-2022 15:06:39 loginTestCase_02.java INFO  [main] FreeCRM 46 - user name enterd
Trying to find Element By : By.name: password
Found Element By : By.name: password
04-16-2022 15:06:39 loginTestCase_02.java INFO  [main] FreeCRM 48 - password enterd
Trying to find Element By : By.xpath: //div[text()='Login']
Found Element By : By.xpath: //div[text()='Login']
Trying to click on: [[ChromeDriver: chrome on WINDOWS (52c13936aeca487fe8b05423479016c8)] -> xpath: //div[text()='Login']]
Clicked on: [[ChromeDriver: chrome on WINDOWS (52c13936aeca487fe8b05423479016c8)] -> xpath: //div[text()='Login']]
04-16-2022 15:06:39 loginTestCase_02.java INFO  [main] FreeCRM 50 - clicked on login button
]]></system-out>
    <system-err><![CDATA[Starting ChromeDriver 100.0.4896.60 (6a5d10861ce8de5fce22564658033b43cb7de047-refs/branch-heads/4896@{#875}) on port 34310
Only local connections are allowed.
Please see https://chromedriver.chromium.org/security-considerations for suggestions on keeping ChromeDriver safe.
ChromeDriver was started successfully.
Apr 16, 2022 3:06:34 PM org.openqa.selenium.remote.ProtocolHandshake createSession
INFO: Detected dialect: W3C
]]></system-err>
  </testcase>
  <testcase name="usernameVerification" classname="com.freecrm.testCases.homepageTc_05" time="1.139">
    <system-out><![CDATA[04-16-2022 15:06:40 basetest.java INFO  [main] FreeCRM 88 - application closed
04-16-2022 15:06:42 basetest.java INFO  [main] FreeCRM 54 - chrome browser opened
04-16-2022 15:06:42 basetest.java INFO  [main] FreeCRM 76 - browser maximised
Before navigating to: 'https://ui.freecrm.com/'
Navigated to:'https://ui.freecrm.com/'
04-16-2022 15:06:46 basetest.java INFO  [main] FreeCRM 81 - application launched
Trying to find Element By : By.name: email
Found Element By : By.name: email
04-16-2022 15:06:46 loginTestCase_02.java INFO  [main] FreeCRM 46 - user name enterd
Trying to find Element By : By.name: password
Found Element By : By.name: password
04-16-2022 15:06:47 loginTestCase_02.java INFO  [main] FreeCRM 48 - password enterd
Trying to find Element By : By.xpath: //div[text()='Login']
Found Element By : By.xpath: //div[text()='Login']
Trying to click on: [[ChromeDriver: chrome on WINDOWS (32195d5310e168c31d75d9b48055d33c)] -> xpath: //div[text()='Login']]
Clicked on: [[ChromeDriver: chrome on WINDOWS (32195d5310e168c31d75d9b48055d33c)] -> xpath: //div[text()='Login']]
04-16-2022 15:06:47 loginTestCase_02.java INFO  [main] FreeCRM 50 - clicked on login button
Trying to find Element By : By.xpath: //span[@class='user-display']
Found Element By : By.xpath: //span[@class='user-display']
]]></system-out>
    <system-err><![CDATA[Starting ChromeDriver 100.0.4896.60 (6a5d10861ce8de5fce22564658033b43cb7de047-refs/branch-heads/4896@{#875}) on port 1815
Only local connections are allowed.
Please see https://chromedriver.chromium.org/security-considerations for suggestions on keeping ChromeDriver safe.
ChromeDriver was started successfully.
Apr 16, 2022 3:06:42 PM org.openqa.selenium.remote.ProtocolHandshake createSession
INFO: Detected dialect: W3C
]]></system-err>
  </testcase>
  <testcase name="logoVerification" classname="com.freecrm.testCases.homepageTc_05" time="1.566">
    <system-out><![CDATA[04-16-2022 15:06:49 basetest.java INFO  [main] FreeCRM 88 - application closed
04-16-2022 15:06:51 basetest.java INFO  [main] FreeCRM 54 - chrome browser opened
04-16-2022 15:06:51 basetest.java INFO  [main] FreeCRM 76 - browser maximised
Before navigating to: 'https://ui.freecrm.com/'
Navigated to:'https://ui.freecrm.com/'
04-16-2022 15:06:54 basetest.java INFO  [main] FreeCRM 81 - application launched
Trying to find Element By : By.name: email
Found Element By : By.name: email
04-16-2022 15:06:55 loginTestCase_02.java INFO  [main] FreeCRM 46 - user name enterd
Trying to find Element By : By.name: password
Found Element By : By.name: password
04-16-2022 15:06:55 loginTestCase_02.java INFO  [main] FreeCRM 48 - password enterd
Trying to find Element By : By.xpath: //div[text()='Login']
Found Element By : By.xpath: //div[text()='Login']
Trying to click on: [[ChromeDriver: chrome on WINDOWS (0de524bbda217708cb70db0d5bc26e00)] -> xpath: //div[text()='Login']]
Clicked on: [[ChromeDriver: chrome on WINDOWS (0de524bbda217708cb70db0d5bc26e00)] -> xpath: //div[text()='Login']]
04-16-2022 15:06:56 loginTestCase_02.java INFO  [main] FreeCRM 50 - clicked on login button
Trying to find Element By : By.xpath: //div[@class='header item']
Found Element By : By.xpath: //div[@class='header item']
]]></system-out>
    <system-err><![CDATA[Starting ChromeDriver 100.0.4896.60 (6a5d10861ce8de5fce22564658033b43cb7de047-refs/branch-heads/4896@{#875}) on port 40821
Only local connections are allowed.
Please see https://chromedriver.chromium.org/security-considerations for suggestions on keeping ChromeDriver safe.
ChromeDriver was started successfully.
Apr 16, 2022 3:06:51 PM org.openqa.selenium.remote.ProtocolHandshake createSession
INFO: Detected dialect: W3C
]]></system-err>
  </testcase>
  <testcase name="homePageTest" classname="com.freecrm.testCases.homepageTc_05" time="3.362">
    <system-out><![CDATA[04-16-2022 15:06:58 basetest.java INFO  [main] FreeCRM 88 - application closed
04-16-2022 15:07:00 basetest.java INFO  [main] FreeCRM 54 - chrome browser opened
04-16-2022 15:07:00 basetest.java INFO  [main] FreeCRM 76 - browser maximised
Before navigating to: 'https://ui.freecrm.com/'
Navigated to:'https://ui.freecrm.com/'
04-16-2022 15:07:03 basetest.java INFO  [main] FreeCRM 81 - application launched
Trying to find Element By : By.name: email
Found Element By : By.name: email
04-16-2022 15:07:04 loginTestCase_02.java INFO  [main] FreeCRM 46 - user name enterd
Trying to find Element By : By.name: password
Found Element By : By.name: password
04-16-2022 15:07:05 loginTestCase_02.java INFO  [main] FreeCRM 48 - password enterd
Trying to find Element By : By.xpath: //div[text()='Login']
Found Element By : By.xpath: //div[text()='Login']
Trying to click on: [[ChromeDriver: chrome on WINDOWS (f17ba5ee750aed91e74103e4b4cc7476)] -> xpath: //div[text()='Login']]
Clicked on: [[ChromeDriver: chrome on WINDOWS (f17ba5ee750aed91e74103e4b4cc7476)] -> xpath: //div[text()='Login']]
04-16-2022 15:07:05 loginTestCase_02.java INFO  [main] FreeCRM 50 - clicked on login button
Trying to find Element By : By.xpath: //span[text()='Calendar']
Found Element By : By.xpath: //span[text()='Calendar']
Trying to click on: [[ChromeDriver: chrome on WINDOWS (f17ba5ee750aed91e74103e4b4cc7476)] -> xpath: //span[text()='Calendar']]
Clicked on: [[ChromeDriver: chrome on WINDOWS (f17ba5ee750aed91e74103e4b4cc7476)] -> xpath: //span[text()='Calendar']]
Trying to find Element By : By.xpath: //span[text()='Contacts']
Found Element By : By.xpath: //span[text()='Contacts']
Trying to click on: [[ChromeDriver: chrome on WINDOWS (f17ba5ee750aed91e74103e4b4cc7476)] -> xpath: //span[text()='Contacts']]
Clicked on: [[ChromeDriver: chrome on WINDOWS (f17ba5ee750aed91e74103e4b4cc7476)] -> xpath: //span[text()='Contacts']]
Trying to find Element By : By.xpath: //span[text()='Companies']
Found Element By : By.xpath: //span[text()='Companies']
Trying to click on: [[ChromeDriver: chrome on WINDOWS (f17ba5ee750aed91e74103e4b4cc7476)] -> xpath: //span[text()='Companies']]
Clicked on: [[ChromeDriver: chrome on WINDOWS (f17ba5ee750aed91e74103e4b4cc7476)] -> xpath: //span[text()='Companies']]
Trying to find Element By : By.xpath: //span[text()='Deals']
Found Element By : By.xpath: //span[text()='Deals']
Trying to click on: [[ChromeDriver: chrome on WINDOWS (f17ba5ee750aed91e74103e4b4cc7476)] -> xpath: //span[text()='Deals']]
Clicked on: [[ChromeDriver: chrome on WINDOWS (f17ba5ee750aed91e74103e4b4cc7476)] -> xpath: //span[text()='Deals']]
Trying to find Element By : By.xpath: //span[text()='Tasks']
Found Element By : By.xpath: //span[text()='Tasks']
Trying to click on: [[ChromeDriver: chrome on WINDOWS (f17ba5ee750aed91e74103e4b4cc7476)] -> xpath: //span[text()='Tasks']]
Clicked on: [[ChromeDriver: chrome on WINDOWS (f17ba5ee750aed91e74103e4b4cc7476)] -> xpath: //span[text()='Tasks']]
Trying to find Element By : By.xpath: //span[text()='Cases']
Found Element By : By.xpath: //span[text()='Cases']
Trying to click on: [[ChromeDriver: chrome on WINDOWS (f17ba5ee750aed91e74103e4b4cc7476)] -> xpath: //span[text()='Cases']]
Clicked on: [[ChromeDriver: chrome on WINDOWS (f17ba5ee750aed91e74103e4b4cc7476)] -> xpath: //span[text()='Cases']]
Trying to find Element By : By.xpath: //span[text()='Calls']
Found Element By : By.xpath: //span[text()='Calls']
Trying to click on: [[ChromeDriver: chrome on WINDOWS (f17ba5ee750aed91e74103e4b4cc7476)] -> xpath: //span[text()='Calls']]
Clicked on: [[ChromeDriver: chrome on WINDOWS (f17ba5ee750aed91e74103e4b4cc7476)] -> xpath: //span[text()='Calls']]
Trying to find Element By : By.xpath: //span[text()='Documents']
Found Element By : By.xpath: //span[text()='Documents']
Trying to click on: [[ChromeDriver: chrome on WINDOWS (f17ba5ee750aed91e74103e4b4cc7476)] -> xpath: //span[text()='Documents']]
Clicked on: [[ChromeDriver: chrome on WINDOWS (f17ba5ee750aed91e74103e4b4cc7476)] -> xpath: //span[text()='Documents']]
]]></system-out>
    <system-err><![CDATA[Starting ChromeDriver 100.0.4896.60 (6a5d10861ce8de5fce22564658033b43cb7de047-refs/branch-heads/4896@{#875}) on port 44003
Only local connections are allowed.
Please see https://chromedriver.chromium.org/security-considerations for suggestions on keeping ChromeDriver safe.
ChromeDriver was started successfully.
Apr 16, 2022 3:07:00 PM org.openqa.selenium.remote.ProtocolHandshake createSession
INFO: Detected dialect: W3C
]]></system-err>
  </testcase>
  <testcase name="verificationOfTitle" classname="com.freecrm.testCases.loginTestCase_02" time="0.002">
    <system-out><![CDATA[04-16-2022 15:07:09 basetest.java INFO  [main] FreeCRM 88 - application closed
04-16-2022 15:07:11 basetest.java INFO  [main] FreeCRM 54 - chrome browser opened
04-16-2022 15:07:11 basetest.java INFO  [main] FreeCRM 76 - browser maximised
Before navigating to: 'https://ui.freecrm.com/'
Navigated to:'https://ui.freecrm.com/'
04-16-2022 15:07:13 basetest.java INFO  [main] FreeCRM 81 - application launched
04-16-2022 15:07:13 loginTestCase_02.java INFO  [main] FreeCRM 38 - login page title is correct
]]></system-out>
    <system-err><![CDATA[Starting ChromeDriver 100.0.4896.60 (6a5d10861ce8de5fce22564658033b43cb7de047-refs/branch-heads/4896@{#875}) on port 45575
Only local connections are allowed.
Please see https://chromedriver.chromium.org/security-considerations for suggestions on keeping ChromeDriver safe.
ChromeDriver was started successfully.
Apr 16, 2022 3:07:11 PM org.openqa.selenium.remote.ProtocolHandshake createSession
INFO: Detected dialect: W3C
]]></system-err>
  </testcase>
  <testcase name="logintest" classname="com.freecrm.testCases.loginTestCase_02" time="1.813">
    <system-out><![CDATA[04-16-2022 15:07:14 basetest.java INFO  [main] FreeCRM 88 - application closed
04-16-2022 15:07:16 basetest.java INFO  [main] FreeCRM 54 - chrome browser opened
04-16-2022 15:07:16 basetest.java INFO  [main] FreeCRM 76 - browser maximised
Before navigating to: 'https://ui.freecrm.com/'
Navigated to:'https://ui.freecrm.com/'
04-16-2022 15:07:19 basetest.java INFO  [main] FreeCRM 81 - application launched
Trying to find Element By : By.name: email
Found Element By : By.name: email
04-16-2022 15:07:20 loginTestCase_02.java INFO  [main] FreeCRM 46 - user name enterd
Trying to find Element By : By.name: password
Found Element By : By.name: password
04-16-2022 15:07:20 loginTestCase_02.java INFO  [main] FreeCRM 48 - password enterd
Trying to find Element By : By.xpath: //div[text()='Login']
Found Element By : By.xpath: //div[text()='Login']
Trying to click on: [[ChromeDriver: chrome on WINDOWS (b118002842b042ef406e573c0d56ab79)] -> xpath: //div[text()='Login']]
Clicked on: [[ChromeDriver: chrome on WINDOWS (b118002842b042ef406e573c0d56ab79)] -> xpath: //div[text()='Login']]
04-16-2022 15:07:21 loginTestCase_02.java INFO  [main] FreeCRM 50 - clicked on login button
]]></system-out>
    <system-err><![CDATA[Starting ChromeDriver 100.0.4896.60 (6a5d10861ce8de5fce22564658033b43cb7de047-refs/branch-heads/4896@{#875}) on port 2156
Only local connections are allowed.
Please see https://chromedriver.chromium.org/security-considerations for suggestions on keeping ChromeDriver safe.
ChromeDriver was started successfully.
Apr 16, 2022 3:07:16 PM org.openqa.selenium.remote.ProtocolHandshake createSession
INFO: Detected dialect: W3C
]]></system-err>
  </testcase>
  <testcase name="contacts" classname="com.freecrm.testCases.contactsPage_TestCase_03" time="4.862">
    <system-out><![CDATA[04-16-2022 15:07:21 basetest.java INFO  [main] FreeCRM 88 - application closed
04-16-2022 15:07:23 basetest.java INFO  [main] FreeCRM 54 - chrome browser opened
04-16-2022 15:07:23 basetest.java INFO  [main] FreeCRM 76 - browser maximised
Before navigating to: 'https://ui.freecrm.com/'
Navigated to:'https://ui.freecrm.com/'
04-16-2022 15:07:26 basetest.java INFO  [main] FreeCRM 81 - application launched
Trying to find Element By : By.name: email
Found Element By : By.name: email
04-16-2022 15:07:28 loginTestCase_02.java INFO  [main] FreeCRM 46 - user name enterd
Trying to find Element By : By.name: password
Found Element By : By.name: password
04-16-2022 15:07:28 loginTestCase_02.java INFO  [main] FreeCRM 48 - password enterd
Trying to find Element By : By.xpath: //div[text()='Login']
Found Element By : By.xpath: //div[text()='Login']
Trying to click on: [[ChromeDriver: chrome on WINDOWS (e074c065aa3d91f871a3d77c9caf2d03)] -> xpath: //div[text()='Login']]
Clicked on: [[ChromeDriver: chrome on WINDOWS (e074c065aa3d91f871a3d77c9caf2d03)] -> xpath: //div[text()='Login']]
04-16-2022 15:07:28 loginTestCase_02.java INFO  [main] FreeCRM 50 - clicked on login button
Trying to find Element By : By.xpath: //span[text()='Contacts']
Found Element By : By.xpath: //span[text()='Contacts']
04-16-2022 15:07:31 contactsPage_TestCase_03.java INFO  [main] FreeCRM 41 - clicked on contacts button
Trying to find Element By : By.xpath: //div[@class='ui header item mb5 light-black']
Found Element By : By.xpath: //div[@class='ui header item mb5 light-black']
04-16-2022 15:07:31 contactsPage_TestCase_03.java INFO  [main] FreeCRM 43 - contactlabel is displayed
Trying to find Element By : By.xpath: (//button[@class='ui linkedin button'])[3]
Found Element By : By.xpath: (//button[@class='ui linkedin button'])[3]
Trying to click on: [[ChromeDriver: chrome on WINDOWS (e074c065aa3d91f871a3d77c9caf2d03)] -> xpath: (//button[@class='ui linkedin button'])[3]]
Clicked on: [[ChromeDriver: chrome on WINDOWS (e074c065aa3d91f871a3d77c9caf2d03)] -> xpath: (//button[@class='ui linkedin button'])[3]]
04-16-2022 15:07:33 contactsPage_TestCase_03.java INFO  [main] FreeCRM 47 - clicked on create button
]]></system-out>
    <system-err><![CDATA[Starting ChromeDriver 100.0.4896.60 (6a5d10861ce8de5fce22564658033b43cb7de047-refs/branch-heads/4896@{#875}) on port 18268
Only local connections are allowed.
Please see https://chromedriver.chromium.org/security-considerations for suggestions on keeping ChromeDriver safe.
ChromeDriver was started successfully.
Apr 16, 2022 3:07:23 PM org.openqa.selenium.remote.ProtocolHandshake createSession
INFO: Detected dialect: W3C
]]></system-err>
  </testcase>
  <testcase name="createNewContact[john, wick, NA, infosys, jhonwick@gmail.com, 999999999](1)" classname="com.freecrm.testCases.newContactPage_TC_04" time="9.73">
    <system-out><![CDATA[04-16-2022 15:07:34 basetest.java INFO  [main] FreeCRM 88 - application closed
04-16-2022 15:07:38 basetest.java INFO  [main] FreeCRM 54 - chrome browser opened
04-16-2022 15:07:39 basetest.java INFO  [main] FreeCRM 76 - browser maximised
Before navigating to: 'https://ui.freecrm.com/'
Navigated to:'https://ui.freecrm.com/'
04-16-2022 15:07:43 basetest.java INFO  [main] FreeCRM 81 - application launched
Trying to find Element By : By.name: email
Found Element By : By.name: email
04-16-2022 15:07:43 loginTestCase_02.java INFO  [main] FreeCRM 46 - user name enterd
Trying to find Element By : By.name: password
Found Element By : By.name: password
04-16-2022 15:07:44 loginTestCase_02.java INFO  [main] FreeCRM 48 - password enterd
Trying to find Element By : By.xpath: //div[text()='Login']
Found Element By : By.xpath: //div[text()='Login']
Trying to click on: [[ChromeDriver: chrome on WINDOWS (2c9f816c768c361f83ff0b302c1f501e)] -> xpath: //div[text()='Login']]
Clicked on: [[ChromeDriver: chrome on WINDOWS (2c9f816c768c361f83ff0b302c1f501e)] -> xpath: //div[text()='Login']]
04-16-2022 15:07:44 loginTestCase_02.java INFO  [main] FreeCRM 50 - clicked on login button
Trying to find Element By : By.xpath: //span[text()='Contacts']
Found Element By : By.xpath: //span[text()='Contacts']
04-16-2022 15:07:46 contactsPage_TestCase_03.java INFO  [main] FreeCRM 41 - clicked on contacts button
Trying to find Element By : By.xpath: //div[@class='ui header item mb5 light-black']
Found Element By : By.xpath: //div[@class='ui header item mb5 light-black']
04-16-2022 15:07:46 contactsPage_TestCase_03.java INFO  [main] FreeCRM 43 - contactlabel is displayed
Trying to find Element By : By.xpath: (//button[@class='ui linkedin button'])[3]
Found Element By : By.xpath: (//button[@class='ui linkedin button'])[3]
Trying to click on: [[ChromeDriver: chrome on WINDOWS (2c9f816c768c361f83ff0b302c1f501e)] -> xpath: (//button[@class='ui linkedin button'])[3]]
Clicked on: [[ChromeDriver: chrome on WINDOWS (2c9f816c768c361f83ff0b302c1f501e)] -> xpath: (//button[@class='ui linkedin button'])[3]]
04-16-2022 15:07:49 contactsPage_TestCase_03.java INFO  [main] FreeCRM 47 - clicked on create button
Trying to find Element By : By.name: first_name
Found Element By : By.name: first_name
Trying to find Element By : By.name: last_name
Found Element By : By.name: last_name
Trying to find Element By : By.name: middle_name
Found Element By : By.name: middle_name
Trying to find Element By : By.xpath: (//input[@class='search'])[1]
Found Element By : By.xpath: (//input[@class='search'])[1]
Trying to find Element By : By.xpath: //input[@placeholder='Email address']
Found Element By : By.xpath: //input[@placeholder='Email address']
Trying to find Element By : By.xpath: (//i[@class='add icon'])[1]
Found Element By : By.xpath: (//i[@class='add icon'])[1]
Trying to click on: [[ChromeDriver: chrome on WINDOWS (2c9f816c768c361f83ff0b302c1f501e)] -> xpath: (//i[@class='add icon'])[1]]
Clicked on: [[ChromeDriver: chrome on WINDOWS (2c9f816c768c361f83ff0b302c1f501e)] -> xpath: (//i[@class='add icon'])[1]]
Trying to find Element By : By.xpath: (//button[@class='ui tiny basic icon button'])[2]
Found Element By : By.xpath: (//button[@class='ui tiny basic icon button'])[2]
Trying to click on: [[ChromeDriver: chrome on WINDOWS (2c9f816c768c361f83ff0b302c1f501e)] -> xpath: (//button[@class='ui tiny basic icon button'])[2]]
Clicked on: [[ChromeDriver: chrome on WINDOWS (2c9f816c768c361f83ff0b302c1f501e)] -> xpath: (//button[@class='ui tiny basic icon button'])[2]]
Trying to find Element By : By.xpath: //input[@placeholder='Number']
Found Element By : By.xpath: //input[@placeholder='Number']
Trying to find Element By : By.xpath: //button[@class='ui linkedin button']
Found Element By : By.xpath: //button[@class='ui linkedin button']
Trying to click on: [[ChromeDriver: chrome on WINDOWS (2c9f816c768c361f83ff0b302c1f501e)] -> xpath: //button[@class='ui linkedin button']]
Clicked on: [[ChromeDriver: chrome on WINDOWS (2c9f816c768c361f83ff0b302c1f501e)] -> xpath: //button[@class='ui linkedin button']]
Trying to find Element By : By.xpath: //i[@class='large user red icon']
Found Element By : By.xpath: //i[@class='large user red icon']
]]></system-out>
    <system-err><![CDATA[Starting ChromeDriver 100.0.4896.60 (6a5d10861ce8de5fce22564658033b43cb7de047-refs/branch-heads/4896@{#875}) on port 42778
Only local connections are allowed.
Please see https://chromedriver.chromium.org/security-considerations for suggestions on keeping ChromeDriver safe.
ChromeDriver was started successfully.
Apr 16, 2022 3:07:38 PM org.openqa.selenium.remote.ProtocolHandshake createSession
INFO: Detected dialect: W3C
]]></system-err>
  </testcase>
  <testcase name="createNewContact[jhon, rambo, NA, capgemini, jhonrambo@gmail.com, 888888888](2)" classname="com.freecrm.testCases.newContactPage_TC_04" time="9.465">
    <system-out><![CDATA[04-16-2022 15:07:59 basetest.java INFO  [main] FreeCRM 88 - application closed
04-16-2022 15:08:01 basetest.java INFO  [main] FreeCRM 54 - chrome browser opened
04-16-2022 15:08:01 basetest.java INFO  [main] FreeCRM 76 - browser maximised
Before navigating to: 'https://ui.freecrm.com/'
Navigated to:'https://ui.freecrm.com/'
04-16-2022 15:08:04 basetest.java INFO  [main] FreeCRM 81 - application launched
Trying to find Element By : By.name: email
Found Element By : By.name: email
04-16-2022 15:08:06 loginTestCase_02.java INFO  [main] FreeCRM 46 - user name enterd
Trying to find Element By : By.name: password
Found Element By : By.name: password
04-16-2022 15:08:06 loginTestCase_02.java INFO  [main] FreeCRM 48 - password enterd
Trying to find Element By : By.xpath: //div[text()='Login']
Found Element By : By.xpath: //div[text()='Login']
Trying to click on: [[ChromeDriver: chrome on WINDOWS (89abbdd497c10dffbd1cc1e432c78263)] -> xpath: //div[text()='Login']]
Clicked on: [[ChromeDriver: chrome on WINDOWS (89abbdd497c10dffbd1cc1e432c78263)] -> xpath: //div[text()='Login']]
04-16-2022 15:08:06 loginTestCase_02.java INFO  [main] FreeCRM 50 - clicked on login button
Trying to find Element By : By.xpath: //span[text()='Contacts']
Found Element By : By.xpath: //span[text()='Contacts']
04-16-2022 15:08:09 contactsPage_TestCase_03.java INFO  [main] FreeCRM 41 - clicked on contacts button
Trying to find Element By : By.xpath: //div[@class='ui header item mb5 light-black']
Found Element By : By.xpath: //div[@class='ui header item mb5 light-black']
04-16-2022 15:08:09 contactsPage_TestCase_03.java INFO  [main] FreeCRM 43 - contactlabel is displayed
Trying to find Element By : By.xpath: (//button[@class='ui linkedin button'])[3]
Found Element By : By.xpath: (//button[@class='ui linkedin button'])[3]
Trying to click on: [[ChromeDriver: chrome on WINDOWS (89abbdd497c10dffbd1cc1e432c78263)] -> xpath: (//button[@class='ui linkedin button'])[3]]
Clicked on: [[ChromeDriver: chrome on WINDOWS (89abbdd497c10dffbd1cc1e432c78263)] -> xpath: (//button[@class='ui linkedin button'])[3]]
04-16-2022 15:08:11 contactsPage_TestCase_03.java INFO  [main] FreeCRM 47 - clicked on create button
Trying to find Element By : By.name: first_name
Found Element By : By.name: first_name
Trying to find Element By : By.name: last_name
Found Element By : By.name: last_name
Trying to find Element By : By.name: middle_name
Found Element By : By.name: middle_name
Trying to find Element By : By.xpath: (//input[@class='search'])[1]
Found Element By : By.xpath: (//input[@class='search'])[1]
Trying to find Element By : By.xpath: //input[@placeholder='Email address']
Found Element By : By.xpath: //input[@placeholder='Email address']
Trying to find Element By : By.xpath: (//i[@class='add icon'])[1]
Found Element By : By.xpath: (//i[@class='add icon'])[1]
Trying to click on: [[ChromeDriver: chrome on WINDOWS (89abbdd497c10dffbd1cc1e432c78263)] -> xpath: (//i[@class='add icon'])[1]]
Clicked on: [[ChromeDriver: chrome on WINDOWS (89abbdd497c10dffbd1cc1e432c78263)] -> xpath: (//i[@class='add icon'])[1]]
Trying to find Element By : By.xpath: (//button[@class='ui tiny basic icon button'])[2]
Found Element By : By.xpath: (//button[@class='ui tiny basic icon button'])[2]
Trying to click on: [[ChromeDriver: chrome on WINDOWS (89abbdd497c10dffbd1cc1e432c78263)] -> xpath: (//button[@class='ui tiny basic icon button'])[2]]
Clicked on: [[ChromeDriver: chrome on WINDOWS (89abbdd497c10dffbd1cc1e432c78263)] -> xpath: (//button[@class='ui tiny basic icon button'])[2]]
Trying to find Element By : By.xpath: //input[@placeholder='Number']
Found Element By : By.xpath: //input[@placeholder='Number']
Trying to find Element By : By.xpath: //button[@class='ui linkedin button']
Found Element By : By.xpath: //button[@class='ui linkedin button']
Trying to click on: [[ChromeDriver: chrome on WINDOWS (89abbdd497c10dffbd1cc1e432c78263)] -> xpath: //button[@class='ui linkedin button']]
Clicked on: [[ChromeDriver: chrome on WINDOWS (89abbdd497c10dffbd1cc1e432c78263)] -> xpath: //button[@class='ui linkedin button']]
Trying to find Element By : By.xpath: //i[@class='large user red icon']
Found Element By : By.xpath: //i[@class='large user red icon']
]]></system-out>
    <system-err><![CDATA[Starting ChromeDriver 100.0.4896.60 (6a5d10861ce8de5fce22564658033b43cb7de047-refs/branch-heads/4896@{#875}) on port 1446
Only local connections are allowed.
Please see https://chromedriver.chromium.org/security-considerations for suggestions on keeping ChromeDriver safe.
ChromeDriver was started successfully.
Apr 16, 2022 3:08:01 PM org.openqa.selenium.remote.ProtocolHandshake createSession
INFO: Detected dialect: W3C
]]></system-err>
  </testcase>
  <testcase name="createNewContact[ethun, hunt, NA, cognizent, ethunhunt@gmail.com, 777777777](3)" classname="com.freecrm.testCases.newContactPage_TC_04" time="10.132">
    <system-out><![CDATA[04-16-2022 15:08:22 basetest.java INFO  [main] FreeCRM 88 - application closed
04-16-2022 15:08:24 basetest.java INFO  [main] FreeCRM 54 - chrome browser opened
04-16-2022 15:08:24 basetest.java INFO  [main] FreeCRM 76 - browser maximised
Before navigating to: 'https://ui.freecrm.com/'
Navigated to:'https://ui.freecrm.com/'
04-16-2022 15:08:26 basetest.java INFO  [main] FreeCRM 81 - application launched
Trying to find Element By : By.name: email
Found Element By : By.name: email
04-16-2022 15:08:28 loginTestCase_02.java INFO  [main] FreeCRM 46 - user name enterd
Trying to find Element By : By.name: password
Found Element By : By.name: password
04-16-2022 15:08:28 loginTestCase_02.java INFO  [main] FreeCRM 48 - password enterd
Trying to find Element By : By.xpath: //div[text()='Login']
Found Element By : By.xpath: //div[text()='Login']
Trying to click on: [[ChromeDriver: chrome on WINDOWS (2b841d0692b4b5429ec5e82ae9753c24)] -> xpath: //div[text()='Login']]
Clicked on: [[ChromeDriver: chrome on WINDOWS (2b841d0692b4b5429ec5e82ae9753c24)] -> xpath: //div[text()='Login']]
04-16-2022 15:08:28 loginTestCase_02.java INFO  [main] FreeCRM 50 - clicked on login button
Trying to find Element By : By.xpath: //span[text()='Contacts']
Found Element By : By.xpath: //span[text()='Contacts']
04-16-2022 15:08:31 contactsPage_TestCase_03.java INFO  [main] FreeCRM 41 - clicked on contacts button
Trying to find Element By : By.xpath: //div[@class='ui header item mb5 light-black']
Found Element By : By.xpath: //div[@class='ui header item mb5 light-black']
04-16-2022 15:08:31 contactsPage_TestCase_03.java INFO  [main] FreeCRM 43 - contactlabel is displayed
Trying to find Element By : By.xpath: (//button[@class='ui linkedin button'])[3]
Found Element By : By.xpath: (//button[@class='ui linkedin button'])[3]
Trying to click on: [[ChromeDriver: chrome on WINDOWS (2b841d0692b4b5429ec5e82ae9753c24)] -> xpath: (//button[@class='ui linkedin button'])[3]]
Clicked on: [[ChromeDriver: chrome on WINDOWS (2b841d0692b4b5429ec5e82ae9753c24)] -> xpath: (//button[@class='ui linkedin button'])[3]]
04-16-2022 15:08:33 contactsPage_TestCase_03.java INFO  [main] FreeCRM 47 - clicked on create button
Trying to find Element By : By.name: first_name
Found Element By : By.name: first_name
Trying to find Element By : By.name: last_name
Found Element By : By.name: last_name
Trying to find Element By : By.name: middle_name
Found Element By : By.name: middle_name
Trying to find Element By : By.xpath: (//input[@class='search'])[1]
Found Element By : By.xpath: (//input[@class='search'])[1]
Trying to find Element By : By.xpath: //input[@placeholder='Email address']
Found Element By : By.xpath: //input[@placeholder='Email address']
Trying to find Element By : By.xpath: (//i[@class='add icon'])[1]
Found Element By : By.xpath: (//i[@class='add icon'])[1]
Trying to click on: [[ChromeDriver: chrome on WINDOWS (2b841d0692b4b5429ec5e82ae9753c24)] -> xpath: (//i[@class='add icon'])[1]]
Clicked on: [[ChromeDriver: chrome on WINDOWS (2b841d0692b4b5429ec5e82ae9753c24)] -> xpath: (//i[@class='add icon'])[1]]
Trying to find Element By : By.xpath: (//button[@class='ui tiny basic icon button'])[2]
Found Element By : By.xpath: (//button[@class='ui tiny basic icon button'])[2]
Trying to click on: [[ChromeDriver: chrome on WINDOWS (2b841d0692b4b5429ec5e82ae9753c24)] -> xpath: (//button[@class='ui tiny basic icon button'])[2]]
Clicked on: [[ChromeDriver: chrome on WINDOWS (2b841d0692b4b5429ec5e82ae9753c24)] -> xpath: (//button[@class='ui tiny basic icon button'])[2]]
Trying to find Element By : By.xpath: //input[@placeholder='Number']
Found Element By : By.xpath: //input[@placeholder='Number']
Trying to find Element By : By.xpath: //button[@class='ui linkedin button']
Found Element By : By.xpath: //button[@class='ui linkedin button']
Trying to click on: [[ChromeDriver: chrome on WINDOWS (2b841d0692b4b5429ec5e82ae9753c24)] -> xpath: //button[@class='ui linkedin button']]
Clicked on: [[ChromeDriver: chrome on WINDOWS (2b841d0692b4b5429ec5e82ae9753c24)] -> xpath: //button[@class='ui linkedin button']]
Trying to find Element By : By.xpath: //i[@class='large user red icon']
Found Element By : By.xpath: //i[@class='large user red icon']
]]></system-out>
    <system-err><![CDATA[Starting ChromeDriver 100.0.4896.60 (6a5d10861ce8de5fce22564658033b43cb7de047-refs/branch-heads/4896@{#875}) on port 49135
Only local connections are allowed.
Please see https://chromedriver.chromium.org/security-considerations for suggestions on keeping ChromeDriver safe.
ChromeDriver was started successfully.
Apr 16, 2022 3:08:24 PM org.openqa.selenium.remote.ProtocolHandshake createSession
INFO: Detected dialect: W3C
]]></system-err>
  </testcase>
</testsuite>