<?xml version="1.0" encoding="UTF-8"?>
<testng-results ignored="0" total="11" passed="11" failed="0" skipped="0">
  <reporter-output>
  </reporter-output>
  <suite started-at="2022-04-16T15:06:17 IST" name="Suite" finished-at="2022-04-16T15:08:44 IST" duration-ms="147429">
    <groups>
    </groups>
    <test started-at="2022-04-16T15:06:17 IST" name="Regression_Test" finished-at="2022-04-16T15:08:44 IST" duration-ms="147429">
      <class name="com.freecrm.testCases.contactsPage_TestCase_03">
        <test-method is-config="true" signature="initialization()[pri:0, instance:com.freecrm.testCases.contactsPage_TestCase_03@1b2abca6]" started-at="2022-04-16T15:07:21 IST" name="initialization" finished-at="2022-04-16T15:07:28 IST" duration-ms="6936" status="PASS">
          <reporter-output>
          </reporter-output>
        </test-method> <!-- initialization -->
        <test-method signature="contacts()[pri:0, instance:com.freecrm.testCases.contactsPage_TestCase_03@1b2abca6]" started-at="2022-04-16T15:07:28 IST" name="contacts" finished-at="2022-04-16T15:07:33 IST" duration-ms="4914" status="PASS">
          <reporter-output>
          </reporter-output>
        </test-method> <!-- contacts -->
        <test-method is-config="true" signature="teardown()[pri:0, instance:com.freecrm.testCases.contactsPage_TestCase_03@1b2abca6]" started-at="2022-04-16T15:07:33 IST" name="teardown" finished-at="2022-04-16T15:07:34 IST" duration-ms="791" status="PASS">
          <reporter-output>
          </reporter-output>
        </test-method> <!-- teardown -->
      </class> <!-- com.freecrm.testCases.contactsPage_TestCase_03 -->
      <class name="com.freecrm.testCases.signUpPageTestCase_01">
        <test-method is-config="true" signature="initialization()[pri:0, instance:com.freecrm.testCases.signUpPageTestCase_01@156b88f5]" started-at="2022-04-16T15:06:17 IST" name="initialization" finished-at="2022-04-16T15:06:26 IST" duration-ms="8441" status="PASS">
          <reporter-output>
          </reporter-output>
        </test-method> <!-- initialization -->
        <test-method signature="signUp()[pri:0, instance:com.freecrm.testCases.signUpPageTestCase_01@156b88f5]" started-at="2022-04-16T15:06:26 IST" name="signUp" finished-at="2022-04-16T15:06:31 IST" duration-ms="5687" status="PASS">
          <reporter-output>
          </reporter-output>
        </test-method> <!-- signUp -->
        <test-method is-config="true" signature="teardown()[pri:0, instance:com.freecrm.testCases.signUpPageTestCase_01@156b88f5]" started-at="2022-04-16T15:06:31 IST" name="teardown" finished-at="2022-04-16T15:06:32 IST" duration-ms="768" status="PASS">
          <reporter-output>
          </reporter-output>
        </test-method> <!-- teardown -->
      </class> <!-- com.freecrm.testCases.signUpPageTestCase_01 -->
      <class name="com.freecrm.testCases.loginTestCase_02">
        <test-method is-config="true" signature="initialization()[pri:0, instance:com.freecrm.testCases.loginTestCase_02@209da20d]" started-at="2022-04-16T15:07:09 IST" name="initialization" finished-at="2022-04-16T15:07:13 IST" duration-ms="4015" status="PASS">
          <reporter-output>
          </reporter-output>
        </test-method> <!-- initialization -->
        <test-method signature="verificationOfTitle()[pri:1, instance:com.freecrm.testCases.loginTestCase_02@209da20d]" started-at="2022-04-16T15:07:13 IST" name="verificationOfTitle" finished-at="2022-04-16T15:07:13 IST" duration-ms="16" status="PASS">
          <reporter-output>
          </reporter-output>
        </test-method> <!-- verificationOfTitle -->
        <test-method is-config="true" signature="teardown()[pri:0, instance:com.freecrm.testCases.loginTestCase_02@209da20d]" started-at="2022-04-16T15:07:13 IST" name="teardown" finished-at="2022-04-16T15:07:14 IST" duration-ms="748" status="PASS">
          <reporter-output>
          </reporter-output>
        </test-method> <!-- teardown -->
        <test-method is-config="true" signature="initialization()[pri:0, instance:com.freecrm.testCases.loginTestCase_02@209da20d]" started-at="2022-04-16T15:07:14 IST" name="initialization" finished-at="2022-04-16T15:07:19 IST" duration-ms="4844" status="PASS">
          <reporter-output>
          </reporter-output>
        </test-method> <!-- initialization -->
        <test-method signature="logintest()[pri:2, instance:com.freecrm.testCases.loginTestCase_02@209da20d]" started-at="2022-04-16T15:07:19 IST" name="logintest" finished-at="2022-04-16T15:07:21 IST" duration-ms="1868" status="PASS">
          <reporter-output>
          </reporter-output>
        </test-method> <!-- logintest -->
        <test-method is-config="true" signature="teardown()[pri:0, instance:com.freecrm.testCases.loginTestCase_02@209da20d]" started-at="2022-04-16T15:07:21 IST" name="teardown" finished-at="2022-04-16T15:07:21 IST" duration-ms="745" status="PASS">
          <reporter-output>
          </reporter-output>
        </test-method> <!-- teardown -->
      </class> <!-- com.freecrm.testCases.loginTestCase_02 -->
      <class name="com.freecrm.testCases.newContactPage_TC_04">
        <test-method is-config="true" signature="initialization()[pri:0, instance:com.freecrm.testCases.newContactPage_TC_04@6392827e]" started-at="2022-04-16T15:07:37 IST" name="initialization" finished-at="2022-04-16T15:07:49 IST" duration-ms="12084" status="PASS">
          <reporter-output>
          </reporter-output>
        </test-method> <!-- initialization -->
        <test-method signature="createNewContact(java.lang.String,java.lang.String,java.lang.String,java.lang.String,java.lang.String,java.lang.String)[pri:0, instance:com.freecrm.testCases.newContactPage_TC_04@6392827e]" started-at="2022-04-16T15:07:49 IST" name="createNewContact" data-provider="newContactData" finished-at="2022-04-16T15:07:59 IST" duration-ms="9811" status="PASS">
          <params>
            <param index="0">
              <value>
                <![CDATA[john]]>
              </value>
            </param>
            <param index="1">
              <value>
                <![CDATA[wick]]>
              </value>
            </param>
            <param index="2">
              <value>
                <![CDATA[NA]]>
              </value>
            </param>
            <param index="3">
              <value>
                <![CDATA[infosys]]>
              </value>
            </param>
            <param index="4">
              <value>
                <![CDATA[jhonwick@gmail.com]]>
              </value>
            </param>
            <param index="5">
              <value>
                <![CDATA[999999999]]>
              </value>
            </param>
          </params>
          <reporter-output>
          </reporter-output>
        </test-method> <!-- createNewContact -->
        <test-method is-config="true" signature="teardown()[pri:0, instance:com.freecrm.testCases.newContactPage_TC_04@6392827e]" started-at="2022-04-16T15:07:59 IST" name="teardown" finished-at="2022-04-16T15:07:59 IST" duration-ms="791" status="PASS">
          <reporter-output>
          </reporter-output>
        </test-method> <!-- teardown -->
        <test-method is-config="true" signature="initialization()[pri:0, instance:com.freecrm.testCases.newContactPage_TC_04@6392827e]" started-at="2022-04-16T15:07:59 IST" name="initialization" finished-at="2022-04-16T15:08:11 IST" duration-ms="12030" status="PASS">
          <reporter-output>
          </reporter-output>
        </test-method> <!-- initialization -->
        <test-method signature="createNewContact(java.lang.String,java.lang.String,java.lang.String,java.lang.String,java.lang.String,java.lang.String)[pri:0, instance:com.freecrm.testCases.newContactPage_TC_04@6392827e]" started-at="2022-04-16T15:08:11 IST" name="createNewContact" data-provider="newContactData" finished-at="2022-04-16T15:08:21 IST" duration-ms="9575" status="PASS">
          <params>
            <param index="0">
              <value>
                <![CDATA[jhon]]>
              </value>
            </param>
            <param index="1">
              <value>
                <![CDATA[rambo]]>
              </value>
            </param>
            <param index="2">
              <value>
                <![CDATA[NA]]>
              </value>
            </param>
            <param index="3">
              <value>
                <![CDATA[capgemini]]>
              </value>
            </param>
            <param index="4">
              <value>
                <![CDATA[jhonrambo@gmail.com]]>
              </value>
            </param>
            <param index="5">
              <value>
                <![CDATA[888888888]]>
              </value>
            </param>
          </params>
          <reporter-output>
          </reporter-output>
        </test-method> <!-- createNewContact -->
        <test-method is-config="true" signature="teardown()[pri:0, instance:com.freecrm.testCases.newContactPage_TC_04@6392827e]" started-at="2022-04-16T15:08:21 IST" name="teardown" finished-at="2022-04-16T15:08:22 IST" duration-ms="813" status="PASS">
          <reporter-output>
          </reporter-output>
        </test-method> <!-- teardown -->
        <test-method is-config="true" signature="initialization()[pri:0, instance:com.freecrm.testCases.newContactPage_TC_04@6392827e]" started-at="2022-04-16T15:08:22 IST" name="initialization" finished-at="2022-04-16T15:08:33 IST" duration-ms="11406" status="PASS">
          <reporter-output>
          </reporter-output>
        </test-method> <!-- initialization -->
        <test-method signature="createNewContact(java.lang.String,java.lang.String,java.lang.String,java.lang.String,java.lang.String,java.lang.String)[pri:0, instance:com.freecrm.testCases.newContactPage_TC_04@6392827e]" started-at="2022-04-16T15:08:33 IST" name="createNewContact" data-provider="newContactData" finished-at="2022-04-16T15:08:43 IST" duration-ms="10226" status="PASS">
          <params>
            <param index="0">
              <value>
                <![CDATA[ethun]]>
              </value>
            </param>
            <param index="1">
              <value>
                <![CDATA[hunt]]>
              </value>
            </param>
            <param index="2">
              <value>
                <![CDATA[NA]]>
              </value>
            </param>
            <param index="3">
              <value>
                <![CDATA[cognizent]]>
              </value>
            </param>
            <param index="4">
              <value>
                <![CDATA[ethunhunt@gmail.com]]>
              </value>
            </param>
            <param index="5">
              <value>
                <![CDATA[777777777]]>
              </value>
            </param>
          </params>
          <reporter-output>
          </reporter-output>
        </test-method> <!-- createNewContact -->
        <test-method is-config="true" signature="teardown()[pri:0, instance:com.freecrm.testCases.newContactPage_TC_04@6392827e]" started-at="2022-04-16T15:08:43 IST" name="teardown" finished-at="2022-04-16T15:08:44 IST" duration-ms="808" status="PASS">
          <reporter-output>
          </reporter-output>
        </test-method> <!-- teardown -->
      </class> <!-- com.freecrm.testCases.newContactPage_TC_04 -->
      <class name="com.freecrm.testCases.homepageTc_05">
        <test-method is-config="true" signature="initalization()[pri:0, instance:com.freecrm.testCases.homepageTc_05@bae7dc0]" started-at="2022-04-16T15:06:32 IST" name="initalization" finished-at="2022-04-16T15:06:39 IST" duration-ms="6947" status="PASS">
          <reporter-output>
          </reporter-output>
        </test-method> <!-- initalization -->
        <test-method signature="verifyPageTitle()[pri:1, instance:com.freecrm.testCases.homepageTc_05@bae7dc0]" started-at="2022-04-16T15:06:39 IST" name="verifyPageTitle" finished-at="2022-04-16T15:06:39 IST" duration-ms="50" status="PASS">
          <reporter-output>
          </reporter-output>
        </test-method> <!-- verifyPageTitle -->
        <test-method is-config="true" signature="teardown()[pri:0, instance:com.freecrm.testCases.homepageTc_05@bae7dc0]" started-at="2022-04-16T15:06:39 IST" name="teardown" finished-at="2022-04-16T15:06:40 IST" duration-ms="909" status="PASS">
          <reporter-output>
          </reporter-output>
        </test-method> <!-- teardown -->
        <test-method is-config="true" signature="initalization()[pri:0, instance:com.freecrm.testCases.homepageTc_05@bae7dc0]" started-at="2022-04-16T15:06:40 IST" name="initalization" finished-at="2022-04-16T15:06:47 IST" duration-ms="6847" status="PASS">
          <reporter-output>
          </reporter-output>
        </test-method> <!-- initalization -->
        <test-method signature="usernameVerification()[pri:2, instance:com.freecrm.testCases.homepageTc_05@bae7dc0]" started-at="2022-04-16T15:06:47 IST" name="usernameVerification" finished-at="2022-04-16T15:06:48 IST" duration-ms="1222" status="PASS">
          <reporter-output>
          </reporter-output>
        </test-method> <!-- usernameVerification -->
        <test-method is-config="true" signature="teardown()[pri:0, instance:com.freecrm.testCases.homepageTc_05@bae7dc0]" started-at="2022-04-16T15:06:48 IST" name="teardown" finished-at="2022-04-16T15:06:49 IST" duration-ms="761" status="PASS">
          <reporter-output>
          </reporter-output>
        </test-method> <!-- teardown -->
        <test-method is-config="true" signature="initalization()[pri:0, instance:com.freecrm.testCases.homepageTc_05@bae7dc0]" started-at="2022-04-16T15:06:49 IST" name="initalization" finished-at="2022-04-16T15:06:56 IST" duration-ms="6639" status="PASS">
          <reporter-output>
          </reporter-output>
        </test-method> <!-- initalization -->
        <test-method signature="logoVerification()[pri:3, instance:com.freecrm.testCases.homepageTc_05@bae7dc0]" started-at="2022-04-16T15:06:56 IST" name="logoVerification" finished-at="2022-04-16T15:06:57 IST" duration-ms="1627" status="PASS">
          <reporter-output>
          </reporter-output>
        </test-method> <!-- logoVerification -->
        <test-method is-config="true" signature="teardown()[pri:0, instance:com.freecrm.testCases.homepageTc_05@bae7dc0]" started-at="2022-04-16T15:06:57 IST" name="teardown" finished-at="2022-04-16T15:06:58 IST" duration-ms="779" status="PASS">
          <reporter-output>
          </reporter-output>
        </test-method> <!-- teardown -->
        <test-method is-config="true" signature="initalization()[pri:0, instance:com.freecrm.testCases.homepageTc_05@bae7dc0]" started-at="2022-04-16T15:06:58 IST" name="initalization" finished-at="2022-04-16T15:07:05 IST" duration-ms="6992" status="PASS">
          <reporter-output>
          </reporter-output>
        </test-method> <!-- initalization -->
        <test-method signature="homePageTest()[pri:4, instance:com.freecrm.testCases.homepageTc_05@bae7dc0]" started-at="2022-04-16T15:07:05 IST" name="homePageTest" finished-at="2022-04-16T15:07:08 IST" duration-ms="3437" status="PASS">
          <reporter-output>
          </reporter-output>
        </test-method> <!-- homePageTest -->
        <test-method is-config="true" signature="teardown()[pri:0, instance:com.freecrm.testCases.homepageTc_05@bae7dc0]" started-at="2022-04-16T15:07:08 IST" name="teardown" finished-at="2022-04-16T15:07:09 IST" duration-ms="768" status="PASS">
          <reporter-output>
          </reporter-output>
        </test-method> <!-- teardown -->
      </class> <!-- com.freecrm.testCases.homepageTc_05 -->
    </test> <!-- Regression_Test -->
  </suite> <!-- Suite -->
</testng-results>
